1
	000010100000
	000000101000
	000010001000


	100010000000
	100000000001
	000010000001


	100000000000
	101000000000
	001000000000


	000000000010
	000001000000
	000001000010



------------
	000000000110
	000001000100
	000001000010


	100000010000
	100000001000
	000000011000


	000100000000
	000101000000
	000001000000


	010000000100
	000000001100
	010000001000



------------
	000000100010
	000000100001
	000000000011


	010000100000
	001000100000
	011000000000


	000110000000
	000100001000
	000010001000


	000000000010
	000000001000
	000000001010



------------
	000010000100
	000000000101
	000010000001


	010000100000
	001000100000
	011000000000


	000000010000
	001000000000
	001000010000


	000100000010
	000100000001
	000000000011



------------
	000000110000
	000000100000
	000000010000


	100010000000
	100001000000
	000011000000


	100000010000
	101000000000
	001000010000


	000000000010
	000000000001
	000000000011



------------
	010000000000
	000000001000
	010000001000


	100000000010
	100001000000
	000001000010


	010000000100
	001000000100
	011000000000


	000100010000
	000100000000
	000000010000



------------
	010100000000
	000100001000
	010000001000


	100000000010
	100001000000
	000001000010


	010000000100
	001000000100
	011000000000


	000100010000
	000100000000
	000000010000



------------
	110000000000
	100001000000
	010001000000


	000000100000
	000001100000
	000001000000


	010000000100
	000000000101
	010000000001


	000010100000
	000000101000
	000010001000



------------
	110000000000
	100001000000
	010001000000


	000000100010
	000001100000
	000001000010


	010000000100
	000000000101
	010000000001


	000010100000
	000000101000
	000010001000



------------
	110000000000
	100001000000
	010001000000


	000100000000
	000100000001
	000000000001


	010000000100
	000000000101
	010000000001


	000010100000
	000000101000
	000010001000



------------
	100000000000
	100001000000
	000001000000


	000000100010
	000000100000
	000000000010


	000010000100
	001000000100
	001010000000


	000100010000
	000100000000
	000000010000



------------
	010100000000
	000100001000
	010000001000


	000000100010
	000001100000
	000001000010


	000010000100
	000001000100
	000011000000


	100000000010
	100000000000
	000000000010



------------
	110000000000
	100000000001
	010000000001


	000000100010
	000001100000
	000001000010


	000000010100
	000000001100
	000000011000


	000010100000
	000000101000
	000010001000



------------
	110000000000
	100000000001
	010000000001


	000100000000
	000100000001
	000000000001


	000000010100
	000000001100
	000000011000


	000010100000
	000000101000
	000010001000



------------
	110000000000
	100001000000
	010001000000


	000000100010
	000001100000
	000001000010


	000000010100
	000000001100
	000000011000


	000010100000
	000000101000
	000010001000



------------
	110000000000
	100001000000
	010001000000


	000100000000
	000100000001
	000000000001


	000000010100
	000000001100
	000000011000


	000010100000
	000000101000
	000010001000



------------
	110000000000
	100000000001
	010000000001


	000000100000
	000001100000
	000001000000


	000000000110
	000000001100
	000000001010


	000010100000
	000000101000
	000010001000



------------
	110000000000
	100001000000
	010001000000


	000000100000
	000001100000
	000001000000


	000000000110
	000000001100
	000000001010


	000010100000
	000000101000
	000010001000



------------

